<?xml version="1.0" encoding="UTF-8"?>
<testsuite name="TestSuite" time="0.183" tests="39" errors="0" skipped="0" failures="0">
  <properties>
[...]
</properties>
  <testcase name="testTanZero on testTanZero(Massi_Calculator.Calculator_MasoumehB.calculatorAdvanceOperationTest)" classname="Massi_Calculator.Calculator_MasoumehB.calculatorAdvanceOperationTest" time="0.007"/>
  <testcase name="testExpZero on testExpZero(Massi_Calculator.Calculator_MasoumehB.calculatorAdvanceOperationTest)" classname="Massi_Calculator.Calculator_MasoumehB.calculatorAdvanceOperationTest" time="0.005"/>
  <testcase name="testxxZero on testxxZero(Massi_Calculator.Calculator_MasoumehB.calculatorAdvanceOperationTest)" classname="Massi_Calculator.Calculator_MasoumehB.calculatorAdvanceOperationTest" time="0.001"/>
  <testcase name="testPIP on testPIP(Massi_Calculator.Calculator_MasoumehB.calculatorAdvanceOperationTest)" classname="Massi_Calculator.Calculator_MasoumehB.calculatorAdvanceOperationTest" time="0.002"/>
  <testcase name="testPiN on testPiN(Massi_Calculator.Calculator_MasoumehB.calculatorAdvanceOperationTest)" classname="Massi_Calculator.Calculator_MasoumehB.calculatorAdvanceOperationTest" time="0.008"/>
  <testcase name="testPiP on testPiP(Massi_Calculator.Calculator_MasoumehB.calculatorAdvanceOperationTest)" classname="Massi_Calculator.Calculator_MasoumehB.calculatorAdvanceOperationTest" time="0.008"/>
  <testcase name="testxxN on testxxN(Massi_Calculator.Calculator_MasoumehB.calculatorAdvanceOperationTest)" classname="Massi_Calculator.Calculator_MasoumehB.calculatorAdvanceOperationTest" time="0.014"/>
  <testcase name="testxxP on testxxP(Massi_Calculator.Calculator_MasoumehB.calculatorAdvanceOperationTest)" classname="Massi_Calculator.Calculator_MasoumehB.calculatorAdvanceOperationTest" time="0.01"/>
  <testcase name="testEZero on testEZero(Massi_Calculator.Calculator_MasoumehB.calculatorAdvanceOperationTest)" classname="Massi_Calculator.Calculator_MasoumehB.calculatorAdvanceOperationTest" time="0.002"/>
  <testcase name="testSqrtP on testSqrtP(Massi_Calculator.Calculator_MasoumehB.calculatorAdvanceOperationTest)" classname="Massi_Calculator.Calculator_MasoumehB.calculatorAdvanceOperationTest" time="0.009"/>
  <testcase name="testCosN on testCosN(Massi_Calculator.Calculator_MasoumehB.calculatorAdvanceOperationTest)" classname="Massi_Calculator.Calculator_MasoumehB.calculatorAdvanceOperationTest" time="0.007"/>
  <testcase name="testCosP on testCosP(Massi_Calculator.Calculator_MasoumehB.calculatorAdvanceOperationTest)" classname="Massi_Calculator.Calculator_MasoumehB.calculatorAdvanceOperationTest" time="0.006"/>
  <testcase name="testExpN on testExpN(Massi_Calculator.Calculator_MasoumehB.calculatorAdvanceOperationTest)" classname="Massi_Calculator.Calculator_MasoumehB.calculatorAdvanceOperationTest" time="0.005"/>
  <testcase name="testExpP on testExpP(Massi_Calculator.Calculator_MasoumehB.calculatorAdvanceOperationTest)" classname="Massi_Calculator.Calculator_MasoumehB.calculatorAdvanceOperationTest" time="0.005"/>
  <testcase name="testSinN on testSinN(Massi_Calculator.Calculator_MasoumehB.calculatorAdvanceOperationTest)" classname="Massi_Calculator.Calculator_MasoumehB.calculatorAdvanceOperationTest" time="0.005"/>
  <testcase name="testSinP on testSinP(Massi_Calculator.Calculator_MasoumehB.calculatorAdvanceOperationTest)" classname="Massi_Calculator.Calculator_MasoumehB.calculatorAdvanceOperationTest" time="0.004"/>
  <testcase name="testSinZ on testSinZ(Massi_Calculator.Calculator_MasoumehB.calculatorAdvanceOperationTest)" classname="Massi_Calculator.Calculator_MasoumehB.calculatorAdvanceOperationTest" time="0.007"/>
  <testcase name="testTanN on testTanN(Massi_Calculator.Calculator_MasoumehB.calculatorAdvanceOperationTest)" classname="Massi_Calculator.Calculator_MasoumehB.calculatorAdvanceOperationTest" time="0"/>
  <testcase name="testTanP on testTanP(Massi_Calculator.Calculator_MasoumehB.calculatorAdvanceOperationTest)" classname="Massi_Calculator.Calculator_MasoumehB.calculatorAdvanceOperationTest" time="0.002"/>
  <testcase name="testlogP on testlogP(Massi_Calculator.Calculator_MasoumehB.calculatorAdvanceOperationTest)" classname="Massi_Calculator.Calculator_MasoumehB.calculatorAdvanceOperationTest" time="0.002"/>
  <testcase name="testEN on testEN(Massi_Calculator.Calculator_MasoumehB.calculatorAdvanceOperationTest)" classname="Massi_Calculator.Calculator_MasoumehB.calculatorAdvanceOperationTest" time="0.013"/>
  <testcase name="testEP on testEP(Massi_Calculator.Calculator_MasoumehB.calculatorAdvanceOperationTest)" classname="Massi_Calculator.Calculator_MasoumehB.calculatorAdvanceOperationTest" time="0.002"/>
  <testcase name="testSqrtZero on testSqrtZero(Massi_Calculator.Calculator_MasoumehB.calculatorAdvanceOperationTest)" classname="Massi_Calculator.Calculator_MasoumehB.calculatorAdvanceOperationTest" time="0"/>
  <testcase name="testModulusN on testModulusN(Massi_Calculator.Calculator_MasoumehB.calculatorAdvanceOperationTest)" classname="Massi_Calculator.Calculator_MasoumehB.calculatorAdvanceOperationTest" time="0.003"/>
  <testcase name="testModulusP on testModulusP(Massi_Calculator.Calculator_MasoumehB.calculatorAdvanceOperationTest)" classname="Massi_Calculator.Calculator_MasoumehB.calculatorAdvanceOperationTest" time="0.008"/>
  <testcase name="testModulusZeroo on testModulusZeroo(Massi_Calculator.Calculator_MasoumehB.calculatorAdvanceOperationTest)" classname="Massi_Calculator.Calculator_MasoumehB.calculatorAdvanceOperationTest" time="0"/>
  <testcase name="testCosZero on testCosZero(Massi_Calculator.Calculator_MasoumehB.calculatorAdvanceOperationTest)" classname="Massi_Calculator.Calculator_MasoumehB.calculatorAdvanceOperationTest" time="0.001"/>
  <testcase name="testsubtractionNeg on testsubtractionNeg(Massi_Calculator.Calculator_MasoumehB.calculatorBasicOperationTest)" classname="Massi_Calculator.Calculator_MasoumehB.calculatorBasicOperationTest" time="0.003"/>
  <testcase name="testsubtractionPos on testsubtractionPos(Massi_Calculator.Calculator_MasoumehB.calculatorBasicOperationTest)" classname="Massi_Calculator.Calculator_MasoumehB.calculatorBasicOperationTest" time="0.004"/>
  <testcase name="testadditionPosetiv on testadditionPosetiv(Massi_Calculator.Calculator_MasoumehB.calculatorBasicOperationTest)" classname="Massi_Calculator.Calculator_MasoumehB.calculatorBasicOperationTest" time="0.004"/>
  <testcase name="testdivideraZero on testdivideraZero(Massi_Calculator.Calculator_MasoumehB.calculatorBasicOperationTest)" classname="Massi_Calculator.Calculator_MasoumehB.calculatorBasicOperationTest" time="0"/>
  <testcase name="testsubtraction on testsubtraction(Massi_Calculator.Calculator_MasoumehB.calculatorBasicOperationTest)" classname="Massi_Calculator.Calculator_MasoumehB.calculatorBasicOperationTest" time="0.003"/>
  <testcase name="testadditionzero on testadditionzero(Massi_Calculator.Calculator_MasoumehB.calculatorBasicOperationTest)" classname="Massi_Calculator.Calculator_MasoumehB.calculatorBasicOperationTest" time="0"/>
  <testcase name="testdivideraPos on testdivideraPos(Massi_Calculator.Calculator_MasoumehB.calculatorBasicOperationTest)" classname="Massi_Calculator.Calculator_MasoumehB.calculatorBasicOperationTest" time="0.002"/>
  <testcase name="testmultiplikation on testmultiplikation(Massi_Calculator.Calculator_MasoumehB.calculatorBasicOperationTest)" classname="Massi_Calculator.Calculator_MasoumehB.calculatorBasicOperationTest" time="0.019"/>
  <testcase name="testadditionNegativ on testadditionNegativ(Massi_Calculator.Calculator_MasoumehB.calculatorBasicOperationTest)" classname="Massi_Calculator.Calculator_MasoumehB.calculatorBasicOperationTest" time="0.003"/>
  <testcase name="testdividera on testdividera(Massi_Calculator.Calculator_MasoumehB.calculatorBasicOperationTest)" classname="Massi_Calculator.Calculator_MasoumehB.calculatorBasicOperationTest" time="0.003"/>
  <testcase name="testmultiplikationNeg on testmultiplikationNeg(Massi_Calculator.Calculator_MasoumehB.calculatorBasicOperationTest)" classname="Massi_Calculator.Calculator_MasoumehB.calculatorBasicOperationTest" time="0.003"/>
  <testcase name="testmultiplikationPos on testmultiplikationPos(Massi_Calculator.Calculator_MasoumehB.calculatorBasicOperationTest)" classname="Massi_Calculator.Calculator_MasoumehB.calculatorBasicOperationTest" time="0.003"/>
</testsuite>