<?xml version="1.0" encoding="UTF-8"?>
<!-- Generated by org.testng.reporters.JUnitXMLReporter -->
<testsuite hostname="massi-VirtualBox" name="Surefire test" tests="39" failures="0" timestamp="14 Dec 2018 10:40:51 GMT" time="0.403" errors="0">
  <testcase name="testTanZero on testTanZero(Massi_Calculator.Calculator_MasoumehB.calculatorAdvanceOperationTest)" time="0.01" classname="Massi_Calculator.Calculator_MasoumehB.calculatorAdvanceOperationTest"/>
  <testcase name="testExpZero on testExpZero(Massi_Calculator.Calculator_MasoumehB.calculatorAdvanceOperationTest)" time="0.001" classname="Massi_Calculator.Calculator_MasoumehB.calculatorAdvanceOperationTest"/>
  <testcase name="testxxZero on testxxZero(Massi_Calculator.Calculator_MasoumehB.calculatorAdvanceOperationTest)" time="0.001" classname="Massi_Calculator.Calculator_MasoumehB.calculatorAdvanceOperationTest"/>
  <testcase name="testPIP on testPIP(Massi_Calculator.Calculator_MasoumehB.calculatorAdvanceOperationTest)" time="0.003" classname="Massi_Calculator.Calculator_MasoumehB.calculatorAdvanceOperationTest"/>
  <testcase name="testPiN on testPiN(Massi_Calculator.Calculator_MasoumehB.calculatorAdvanceOperationTest)" time="0.008" classname="Massi_Calculator.Calculator_MasoumehB.calculatorAdvanceOperationTest"/>
  <testcase name="testPiP on testPiP(Massi_Calculator.Calculator_MasoumehB.calculatorAdvanceOperationTest)" time="0.009" classname="Massi_Calculator.Calculator_MasoumehB.calculatorAdvanceOperationTest"/>
  <testcase name="testxxN on testxxN(Massi_Calculator.Calculator_MasoumehB.calculatorAdvanceOperationTest)" time="0.014" classname="Massi_Calculator.Calculator_MasoumehB.calculatorAdvanceOperationTest"/>
  <testcase name="testxxP on testxxP(Massi_Calculator.Calculator_MasoumehB.calculatorAdvanceOperationTest)" time="0.009" classname="Massi_Calculator.Calculator_MasoumehB.calculatorAdvanceOperationTest"/>
  <testcase name="testEZero on testEZero(Massi_Calculator.Calculator_MasoumehB.calculatorAdvanceOperationTest)" time="0.001" classname="Massi_Calculator.Calculator_MasoumehB.calculatorAdvanceOperationTest"/>
  <testcase name="testSqrtP on testSqrtP(Massi_Calculator.Calculator_MasoumehB.calculatorAdvanceOperationTest)" time="0.009" classname="Massi_Calculator.Calculator_MasoumehB.calculatorAdvanceOperationTest"/>
  <testcase name="testCosN on testCosN(Massi_Calculator.Calculator_MasoumehB.calculatorAdvanceOperationTest)" time="0.007" classname="Massi_Calculator.Calculator_MasoumehB.calculatorAdvanceOperationTest"/>
  <testcase name="testCosP on testCosP(Massi_Calculator.Calculator_MasoumehB.calculatorAdvanceOperationTest)" time="0.006" classname="Massi_Calculator.Calculator_MasoumehB.calculatorAdvanceOperationTest"/>
  <testcase name="testExpN on testExpN(Massi_Calculator.Calculator_MasoumehB.calculatorAdvanceOperationTest)" time="0.005" classname="Massi_Calculator.Calculator_MasoumehB.calculatorAdvanceOperationTest"/>
  <testcase name="testExpP on testExpP(Massi_Calculator.Calculator_MasoumehB.calculatorAdvanceOperationTest)" time="0.004" classname="Massi_Calculator.Calculator_MasoumehB.calculatorAdvanceOperationTest"/>
  <testcase name="testSinN on testSinN(Massi_Calculator.Calculator_MasoumehB.calculatorAdvanceOperationTest)" time="0.005" classname="Massi_Calculator.Calculator_MasoumehB.calculatorAdvanceOperationTest"/>
  <testcase name="testSinP on testSinP(Massi_Calculator.Calculator_MasoumehB.calculatorAdvanceOperationTest)" time="0.004" classname="Massi_Calculator.Calculator_MasoumehB.calculatorAdvanceOperationTest"/>
  <testcase name="testSinZ on testSinZ(Massi_Calculator.Calculator_MasoumehB.calculatorAdvanceOperationTest)" time="0.001" classname="Massi_Calculator.Calculator_MasoumehB.calculatorAdvanceOperationTest"/>
  <testcase name="testTanN on testTanN(Massi_Calculator.Calculator_MasoumehB.calculatorAdvanceOperationTest)" time="0.004" classname="Massi_Calculator.Calculator_MasoumehB.calculatorAdvanceOperationTest"/>
  <testcase name="testTanP on testTanP(Massi_Calculator.Calculator_MasoumehB.calculatorAdvanceOperationTest)" time="0.004" classname="Massi_Calculator.Calculator_MasoumehB.calculatorAdvanceOperationTest"/>
  <testcase name="testlogP on testlogP(Massi_Calculator.Calculator_MasoumehB.calculatorAdvanceOperationTest)" time="0.003" classname="Massi_Calculator.Calculator_MasoumehB.calculatorAdvanceOperationTest"/>
  <testcase name="testEN on testEN(Massi_Calculator.Calculator_MasoumehB.calculatorAdvanceOperationTest)" time="0.014" classname="Massi_Calculator.Calculator_MasoumehB.calculatorAdvanceOperationTest"/>
  <testcase name="testEP on testEP(Massi_Calculator.Calculator_MasoumehB.calculatorAdvanceOperationTest)" time="0.003" classname="Massi_Calculator.Calculator_MasoumehB.calculatorAdvanceOperationTest"/>
  <testcase name="testSqrtZero on testSqrtZero(Massi_Calculator.Calculator_MasoumehB.calculatorAdvanceOperationTest)" time="0.001" classname="Massi_Calculator.Calculator_MasoumehB.calculatorAdvanceOperationTest"/>
  <testcase name="testModulusN on testModulusN(Massi_Calculator.Calculator_MasoumehB.calculatorAdvanceOperationTest)" time="0.004" classname="Massi_Calculator.Calculator_MasoumehB.calculatorAdvanceOperationTest"/>
  <testcase name="testModulusP on testModulusP(Massi_Calculator.Calculator_MasoumehB.calculatorAdvanceOperationTest)" time="0.003" classname="Massi_Calculator.Calculator_MasoumehB.calculatorAdvanceOperationTest"/>
  <testcase name="testModulusZeroo on testModulusZeroo(Massi_Calculator.Calculator_MasoumehB.calculatorAdvanceOperationTest)" time="0.001" classname="Massi_Calculator.Calculator_MasoumehB.calculatorAdvanceOperationTest"/>
  <testcase name="testCosZero on testCosZero(Massi_Calculator.Calculator_MasoumehB.calculatorAdvanceOperationTest)" time="0.002" classname="Massi_Calculator.Calculator_MasoumehB.calculatorAdvanceOperationTest"/>
  <testcase name="testsubtractionNeg on testsubtractionNeg(Massi_Calculator.Calculator_MasoumehB.calculatorBasicOperationTest)" time="0.003" classname="Massi_Calculator.Calculator_MasoumehB.calculatorBasicOperationTest"/>
  <testcase name="testsubtractionPos on testsubtractionPos(Massi_Calculator.Calculator_MasoumehB.calculatorBasicOperationTest)" time="0.004" classname="Massi_Calculator.Calculator_MasoumehB.calculatorBasicOperationTest"/>
  <testcase name="testadditionPosetiv on testadditionPosetiv(Massi_Calculator.Calculator_MasoumehB.calculatorBasicOperationTest)" time="0.003" classname="Massi_Calculator.Calculator_MasoumehB.calculatorBasicOperationTest"/>
  <testcase name="testdivideraZero on testdivideraZero(Massi_Calculator.Calculator_MasoumehB.calculatorBasicOperationTest)" time="0.0" classname="Massi_Calculator.Calculator_MasoumehB.calculatorBasicOperationTest"/>
  <testcase name="testsubtraction on testsubtraction(Massi_Calculator.Calculator_MasoumehB.calculatorBasicOperationTest)" time="0.004" classname="Massi_Calculator.Calculator_MasoumehB.calculatorBasicOperationTest"/>
  <testcase name="testadditionzero on testadditionzero(Massi_Calculator.Calculator_MasoumehB.calculatorBasicOperationTest)" time="0.0" classname="Massi_Calculator.Calculator_MasoumehB.calculatorBasicOperationTest"/>
  <testcase name="testdivideraPos on testdivideraPos(Massi_Calculator.Calculator_MasoumehB.calculatorBasicOperationTest)" time="0.002" classname="Massi_Calculator.Calculator_MasoumehB.calculatorBasicOperationTest"/>
  <testcase name="testmultiplikation on testmultiplikation(Massi_Calculator.Calculator_MasoumehB.calculatorBasicOperationTest)" time="0.019" classname="Massi_Calculator.Calculator_MasoumehB.calculatorBasicOperationTest"/>
  <testcase name="testadditionNegativ on testadditionNegativ(Massi_Calculator.Calculator_MasoumehB.calculatorBasicOperationTest)" time="0.002" classname="Massi_Calculator.Calculator_MasoumehB.calculatorBasicOperationTest"/>
  <testcase name="testdividera on testdividera(Massi_Calculator.Calculator_MasoumehB.calculatorBasicOperationTest)" time="0.004" classname="Massi_Calculator.Calculator_MasoumehB.calculatorBasicOperationTest"/>
  <testcase name="testmultiplikationNeg on testmultiplikationNeg(Massi_Calculator.Calculator_MasoumehB.calculatorBasicOperationTest)" time="0.003" classname="Massi_Calculator.Calculator_MasoumehB.calculatorBasicOperationTest"/>
  <testcase name="testmultiplikationPos on testmultiplikationPos(Massi_Calculator.Calculator_MasoumehB.calculatorBasicOperationTest)" time="0.003" classname="Massi_Calculator.Calculator_MasoumehB.calculatorBasicOperationTest"/>
</testsuite> <!-- Surefire test -->
